# JRE version: Java(TM) SE Runtime Environment (8.0_74-b02) (build 1.8.0_74-b02)
# Java VM: Java HotSpot(TM) 64-Bit Server VM (25.74-b02 mixed mode windows-amd64 compressed oops)
Heap:
 PSYoungGen      total 72704K, used 3700K [0x00000000eb400000, 0x00000000f0200000, 0x0000000100000000)
  eden space 65536K, 5% used [0x00000000eb400000,0x00000000eb79d148,0x00000000ef400000)
  from space 7168K, 0% used [0x00000000ef400000,0x00000000ef400000,0x00000000efb00000)
  to   space 7168K, 0% used [0x00000000efb00000,0x00000000efb00000,0x00000000f0200000)
 ParOldGen       total 37376K, used 13542K [0x00000000c1c00000, 0x00000000c4080000, 0x00000000eb400000)
  object space 37376K, 36% used [0x00000000c1c00000,0x00000000c2939a10,0x00000000c4080000)
 Metaspace       used 34636K, capacity 36497K, committed 36736K, reserved 1085440K
  class space    used 4574K, capacity 4946K, committed 4992K, reserved 1048576K
GC Heap History (10 events):
Event: 4.657 GC heap before
{Heap before GC invocations=15 (full 4):
 PSYoungGen      total 72704K, used 262K [0x00000000eb400000, 0x00000000f0200000, 0x0000000100000000)
  eden space 65536K, 0% used [0x00000000eb400000,0x00000000eb400000,0x00000000ef400000)
  from space 7168K, 3% used [0x00000000ef400000,0x00000000ef4419c0,0x00000000efb00000)
  to   space 7168K, 0% used [0x00000000efb00000,0x00000000efb00000,0x00000000f0200000)
 ParOldGen       total 37376K, used 13983K [0x00000000c1c00000, 0x00000000c4080000, 0x00000000eb400000)
  object space 37376K, 37% used [0x00000000c1c00000,0x00000000c29a7e30,0x00000000c4080000)
 Metaspace       used 34279K, capacity 36099K, committed 36224K, reserved 1091584K
  class space    used 4513K, capacity 4879K, committed 4992K, reserved 1048576K
Event: 4.694 GC heap after
Heap after GC invocations=15 (full 4):
 PSYoungGen      total 72704K, used 0K [0x00000000eb400000, 0x00000000f0200000, 0x0000000100000000)
  eden space 65536K, 0% used [0x00000000eb400000,0x00000000eb400000,0x00000000ef400000)
  from space 7168K, 0% used [0x00000000ef400000,0x00000000ef400000,0x00000000efb00000)
  to   space 7168K, 0% used [0x00000000efb00000,0x00000000efb00000,0x00000000f0200000)
 ParOldGen       total 37376K, used 13463K [0x00000000c1c00000, 0x00000000c4080000, 0x00000000eb400000)
  object space 37376K, 36% used [0x00000000c1c00000,0x00000000c2925e20,0x00000000c4080000)
 Metaspace       used 34279K, capacity 36099K, committed 36224K, reserved 1083392K
  class space    used 4513K, capacity 4879K, committed 4992K, reserved 1048576K
}
Event: 4.735 GC heap before
{Heap before GC invocations=16 (full 4):
 PSYoungGen      total 72704K, used 5770K [0x00000000eb400000, 0x00000000f0200000, 0x0000000100000000)
  eden space 65536K, 8% used [0x00000000eb400000,0x00000000eb9a2890,0x00000000ef400000)
  from space 7168K, 0% used [0x00000000ef400000,0x00000000ef400000,0x00000000efb00000)
  to   space 7168K, 0% used [0x00000000efb00000,0x00000000efb00000,0x00000000f0200000)
 ParOldGen       total 37376K, used 13463K [0x00000000c1c00000, 0x00000000c4080000, 0x00000000eb400000)
  object space 37376K, 36% used [0x00000000c1c00000,0x00000000c2925e20,0x00000000c4080000)
 Metaspace       used 34512K, capacity 36325K, committed 36480K, reserved 1087488K
  class space    used 4551K, capacity 4912K, committed 4992K, reserved 1048576K
Event: 4.736 GC heap after
Heap after GC invocations=16 (full 4):
 PSYoungGen      total 72704K, used 452K [0x00000000eb400000, 0x00000000f0200000, 0x0000000100000000)
  eden space 65536K, 0% used [0x00000000eb400000,0x00000000eb400000,0x00000000ef400000)
  from space 7168K, 6% used [0x00000000efb00000,0x00000000efb71190,0x00000000f0200000)
  to   space 7168K, 0% used [0x00000000ef400000,0x00000000ef400000,0x00000000efb00000)
 ParOldGen       total 37376K, used 13471K [0x00000000c1c00000, 0x00000000c4080000, 0x00000000eb400000)
  object space 37376K, 36% used [0x00000000c1c00000,0x00000000c2927e20,0x00000000c4080000)
 Metaspace       used 34512K, capacity 36325K, committed 36480K, reserved 1087488K
  class space    used 4551K, capacity 4912K, committed 4992K, reserved 1048576K
}
Event: 4.736 GC heap before
{Heap before GC invocations=17 (full 5):
 PSYoungGen      total 72704K, used 452K [0x00000000eb400000, 0x00000000f0200000, 0x0000000100000000)
  eden space 65536K, 0% used [0x00000000eb400000,0x00000000eb400000,0x00000000ef400000)
  from space 7168K, 6% used [0x00000000efb00000,0x00000000efb71190,0x00000000f0200000)
  to   space 7168K, 0% used [0x00000000ef400000,0x00000000ef400000,0x00000000efb00000)
 ParOldGen       total 37376K, used 13471K [0x00000000c1c00000, 0x00000000c4080000, 0x00000000eb400000)
  object space 37376K, 36% used [0x00000000c1c00000,0x00000000c2927e20,0x00000000c4080000)
 Metaspace       used 34512K, capacity 36325K, committed 36480K, reserved 1087488K
  class space    used 4551K, capacity 4912K, committed 4992K, reserved 1048576K
Event: 4.786 GC heap after
Heap after GC invocations=17 (full 5):
 PSYoungGen      total 72704K, used 0K [0x00000000eb400000, 0x00000000f0200000, 0x0000000100000000)
  eden space 65536K, 0% used [0x00000000eb400000,0x00000000eb400000,0x00000000ef400000)
  from space 7168K, 0% used [0x00000000efb00000,0x00000000efb00000,0x00000000f0200000)
  to   space 7168K, 0% used [0x00000000ef400000,0x00000000ef400000,0x00000000efb00000)
 ParOldGen       total 37376K, used 13733K [0x00000000c1c00000, 0x00000000c4080000, 0x00000000eb400000)
  object space 37376K, 36% used [0x00000000c1c00000,0x00000000c29697f8,0x00000000c4080000)
 Metaspace       used 34512K, capacity 36325K, committed 36480K, reserved 1085440K
  class space    used 4551K, capacity 4912K, committed 4992K, reserved 1048576K
}
Event: 4.787 GC heap before
{Heap before GC invocations=18 (full 5):
 PSYoungGen      total 72704K, used 1147K [0x00000000eb400000, 0x00000000f0200000, 0x0000000100000000)
  eden space 65536K, 1% used [0x00000000eb400000,0x00000000eb51eec8,0x00000000ef400000)
  from space 7168K, 0% used [0x00000000efb00000,0x00000000efb00000,0x00000000f0200000)
  to   space 7168K, 0% used [0x00000000ef400000,0x00000000ef400000,0x00000000efb00000)
 ParOldGen       total 37376K, used 13733K [0x00000000c1c00000, 0x00000000c4080000, 0x00000000eb400000)
  object space 37376K, 36% used [0x00000000c1c00000,0x00000000c29697f8,0x00000000c4080000)
 Metaspace       used 34512K, capacity 36325K, committed 36480K, reserved 1089536K
  class space    used 4551K, capacity 4912K, committed 4992K, reserved 1048576K
Event: 4.789 GC heap after
Heap after GC invocations=18 (full 5):
 PSYoungGen      total 72704K, used 96K [0x00000000eb400000, 0x00000000f0200000, 0x0000000100000000)
  eden space 65536K, 0% used [0x00000000eb400000,0x00000000eb400000,0x00000000ef400000)
  from space 7168K, 1% used [0x00000000ef400000,0x00000000ef418000,0x00000000efb00000)
  to   space 7168K, 0% used [0x00000000efb00000,0x00000000efb00000,0x00000000f0200000)
 ParOldGen       total 37376K, used 13733K [0x00000000c1c00000, 0x00000000c4080000, 0x00000000eb400000)
  object space 37376K, 36% used [0x00000000c1c00000,0x00000000c29697f8,0x00000000c4080000)
 Metaspace       used 34512K, capacity 36325K, committed 36480K, reserved 1089536K
  class space    used 4551K, capacity 4912K, committed 4992K, reserved 1048576K
}
Event: 4.789 GC heap before
{Heap before GC invocations=19 (full 6):
 PSYoungGen      total 72704K, used 96K [0x00000000eb400000, 0x00000000f0200000, 0x0000000100000000)
  eden space 65536K, 0% used [0x00000000eb400000,0x00000000eb400000,0x00000000ef400000)
  from space 7168K, 1% used [0x00000000ef400000,0x00000000ef418000,0x00000000efb00000)
  to   space 7168K, 0% used [0x00000000efb00000,0x00000000efb00000,0x00000000f0200000)
 ParOldGen       total 37376K, used 13733K [0x00000000c1c00000, 0x00000000c4080000, 0x00000000eb400000)
  object space 37376K, 36% used [0x00000000c1c00000,0x00000000c29697f8,0x00000000c4080000)
 Metaspace       used 34512K, capacity 36325K, committed 36480K, reserved 1089536K
  class space    used 4551K, capacity 4912K, committed 4992K, reserved 1048576K
Event: 4.826 GC heap after
Heap after GC invocations=19 (full 6):
 PSYoungGen      total 72704K, used 0K [0x00000000eb400000, 0x00000000f0200000, 0x0000000100000000)
  eden space 65536K, 0% used [0x00000000eb400000,0x00000000eb400000,0x00000000ef400000)
  from space 7168K, 0% used [0x00000000ef400000,0x00000000ef400000,0x00000000efb00000)
  to   space 7168K, 0% used [0x00000000efb00000,0x00000000efb00000,0x00000000f0200000)
 ParOldGen       total 37376K, used 13542K [0x00000000c1c00000, 0x00000000c4080000, 0x00000000eb400000)
  object space 37376K, 36% used [0x00000000c1c00000,0x00000000c2939a10,0x00000000c4080000)
 Metaspace       used 34512K, capacity 36325K, committed 36480K, reserved 1085440K
  class space    used 4551K, capacity 4912K, committed 4992K, reserved 1048576K
}

